[2024-06-12 14:42:14,228] INFO Registered kafka:type=kafka.Log4jController MBean (kafka.utils.Log4jControllerRegistration$)
[2024-06-12 14:42:14,468] INFO Setting -D jdk.tls.rejectClientInitiatedRenegotiation=true to disable client-initiated TLS renegotiation (org.apache.zookeeper.common.X509Util)
[2024-06-12 14:42:14,534] INFO starting (kafka.server.KafkaServer)
[2024-06-12 14:42:14,534] INFO Connecting to zookeeper on localhost:2181 (kafka.server.KafkaServer)
[2024-06-12 14:42:14,546] INFO [ZooKeeperClient Kafka server] Initializing a new session to localhost:2181. (kafka.zookeeper.ZooKeeperClient)
[2024-06-12 14:42:14,554] INFO Client environment:zookeeper.version=3.8.3-6ad6d364c7c0bcf0de452d54ebefa3058098ab56, built on 2023-10-05 10:34 UTC (org.apache.zookeeper.ZooKeeper)
[2024-06-12 14:42:14,554] INFO Client environment:host.name=LAP-2363.GMG.LOCAL (org.apache.zookeeper.ZooKeeper)
[2024-06-12 14:42:14,554] INFO Client environment:java.version=18.0.2.1 (org.apache.zookeeper.ZooKeeper)
[2024-06-12 14:42:14,554] INFO Client environment:java.vendor=Oracle Corporation (org.apache.zookeeper.ZooKeeper)
[2024-06-12 14:42:14,554] INFO Client environment:java.home=C:\Program Files\Java\jdk-18.0.2.1 (org.apache.zookeeper.ZooKeeper)
[2024-06-12 14:42:14,554] INFO Client environment:java.class.path=D:\learining\scheduler\kafka\libs\activation-1.1.1.jar;D:\learining\scheduler\kafka\libs\aopalliance-repackaged-2.6.1.jar;D:\learining\scheduler\kafka\libs\argparse4j-0.7.0.jar;D:\learining\scheduler\kafka\libs\audience-annotations-0.12.0.jar;D:\learining\scheduler\kafka\libs\caffeine-2.9.3.jar;D:\learining\scheduler\kafka\libs\checker-qual-3.19.0.jar;D:\learining\scheduler\kafka\libs\commons-beanutils-1.9.4.jar;D:\learining\scheduler\kafka\libs\commons-cli-1.4.jar;D:\learining\scheduler\kafka\libs\commons-collections-3.2.2.jar;D:\learining\scheduler\kafka\libs\commons-digester-2.1.jar;D:\learining\scheduler\kafka\libs\commons-io-2.11.0.jar;D:\learining\scheduler\kafka\libs\commons-lang3-3.8.1.jar;D:\learining\scheduler\kafka\libs\commons-logging-1.2.jar;D:\learining\scheduler\kafka\libs\commons-validator-1.7.jar;D:\learining\scheduler\kafka\libs\connect-api-3.7.0.jar;D:\learining\scheduler\kafka\libs\connect-basic-auth-extension-3.7.0.jar;D:\learining\scheduler\kafka\libs\connect-file-3.7.0.jar;D:\learining\scheduler\kafka\libs\connect-json-3.7.0.jar;D:\learining\scheduler\kafka\libs\connect-mirror-3.7.0.jar;D:\learining\scheduler\kafka\libs\connect-mirror-client-3.7.0.jar;D:\learining\scheduler\kafka\libs\connect-runtime-3.7.0.jar;D:\learining\scheduler\kafka\libs\connect-transforms-3.7.0.jar;D:\learining\scheduler\kafka\libs\error_prone_annotations-2.10.0.jar;D:\learining\scheduler\kafka\libs\hk2-api-2.6.1.jar;D:\learining\scheduler\kafka\libs\hk2-locator-2.6.1.jar;D:\learining\scheduler\kafka\libs\hk2-utils-2.6.1.jar;D:\learining\scheduler\kafka\libs\jackson-annotations-2.16.0.jar;D:\learining\scheduler\kafka\libs\jackson-core-2.16.0.jar;D:\learining\scheduler\kafka\libs\jackson-databind-2.16.0.jar;D:\learining\scheduler\kafka\libs\jackson-dataformat-csv-2.16.0.jar;D:\learining\scheduler\kafka\libs\jackson-datatype-jdk8-2.16.0.jar;D:\learining\scheduler\kafka\libs\jackson-jaxrs-base-2.16.0.jar;D:\learining\scheduler\kafka\libs\jackson-jaxrs-json-provider-2.16.0.jar;D:\learining\scheduler\kafka\libs\jackson-module-jaxb-annotations-2.16.0.jar;D:\learining\scheduler\kafka\libs\jackson-module-scala_2.12-2.16.0.jar;D:\learining\scheduler\kafka\libs\jakarta.activation-api-1.2.2.jar;D:\learining\scheduler\kafka\libs\jakarta.annotation-api-1.3.5.jar;D:\learining\scheduler\kafka\libs\jakarta.inject-2.6.1.jar;D:\learining\scheduler\kafka\libs\jakarta.validation-api-2.0.2.jar;D:\learining\scheduler\kafka\libs\jakarta.ws.rs-api-2.1.6.jar;D:\learining\scheduler\kafka\libs\jakarta.xml.bind-api-2.3.3.jar;D:\learining\scheduler\kafka\libs\javassist-3.29.2-GA.jar;D:\learining\scheduler\kafka\libs\javax.activation-api-1.2.0.jar;D:\learining\scheduler\kafka\libs\javax.annotation-api-1.3.2.jar;D:\learining\scheduler\kafka\libs\javax.servlet-api-3.1.0.jar;D:\learining\scheduler\kafka\libs\javax.ws.rs-api-2.1.1.jar;D:\learining\scheduler\kafka\libs\jaxb-api-2.3.1.jar;D:\learining\scheduler\kafka\libs\jersey-client-2.39.1.jar;D:\learining\scheduler\kafka\libs\jersey-common-2.39.1.jar;D:\learining\scheduler\kafka\libs\jersey-container-servlet-2.39.1.jar;D:\learining\scheduler\kafka\libs\jersey-container-servlet-core-2.39.1.jar;D:\learining\scheduler\kafka\libs\jersey-hk2-2.39.1.jar;D:\learining\scheduler\kafka\libs\jersey-server-2.39.1.jar;D:\learining\scheduler\kafka\libs\jetty-client-9.4.53.v20231009.jar;D:\learining\scheduler\kafka\libs\jetty-continuation-9.4.53.v20231009.jar;D:\learining\scheduler\kafka\libs\jetty-http-9.4.53.v20231009.jar;D:\learining\scheduler\kafka\libs\jetty-io-9.4.53.v20231009.jar;D:\learining\scheduler\kafka\libs\jetty-security-9.4.53.v20231009.jar;D:\learining\scheduler\kafka\libs\jetty-server-9.4.53.v20231009.jar;D:\learining\scheduler\kafka\libs\jetty-servlet-9.4.53.v20231009.jar;D:\learining\scheduler\kafka\libs\jetty-servlets-9.4.53.v20231009.jar;D:\learining\scheduler\kafka\libs\jetty-util-9.4.53.v20231009.jar;D:\learining\scheduler\kafka\libs\jetty-util-ajax-9.4.53.v20231009.jar;D:\learining\scheduler\kafka\libs\jline-3.22.0.jar;D:\learining\scheduler\kafka\libs\jopt-simple-5.0.4.jar;D:\learining\scheduler\kafka\libs\jose4j-0.9.4.jar;D:\learining\scheduler\kafka\libs\jsr305-3.0.2.jar;D:\learining\scheduler\kafka\libs\kafka-clients-3.7.0.jar;D:\learining\scheduler\kafka\libs\kafka-group-coordinator-3.7.0.jar;D:\learining\scheduler\kafka\libs\kafka-log4j-appender-3.7.0.jar;D:\learining\scheduler\kafka\libs\kafka-metadata-3.7.0.jar;D:\learining\scheduler\kafka\libs\kafka-raft-3.7.0.jar;D:\learining\scheduler\kafka\libs\kafka-server-3.7.0.jar;D:\learining\scheduler\kafka\libs\kafka-server-common-3.7.0.jar;D:\learining\scheduler\kafka\libs\kafka-shell-3.7.0.jar;D:\learining\scheduler\kafka\libs\kafka-storage-3.7.0.jar;D:\learining\scheduler\kafka\libs\kafka-storage-api-3.7.0.jar;D:\learining\scheduler\kafka\libs\kafka-streams-3.7.0.jar;D:\learining\scheduler\kafka\libs\kafka-streams-examples-3.7.0.jar;D:\learining\scheduler\kafka\libs\kafka-streams-scala_2.12-3.7.0.jar;D:\learining\scheduler\kafka\libs\kafka-streams-test-utils-3.7.0.jar;D:\learining\scheduler\kafka\libs\kafka-tools-3.7.0.jar;D:\learining\scheduler\kafka\libs\kafka-tools-api-3.7.0.jar;D:\learining\scheduler\kafka\libs\kafka_2.12-3.7.0.jar;D:\learining\scheduler\kafka\libs\lz4-java-1.8.0.jar;D:\learining\scheduler\kafka\libs\maven-artifact-3.8.8.jar;D:\learining\scheduler\kafka\libs\metrics-core-2.2.0.jar;D:\learining\scheduler\kafka\libs\metrics-core-4.1.12.1.jar;D:\learining\scheduler\kafka\libs\netty-buffer-4.1.100.Final.jar;D:\learining\scheduler\kafka\libs\netty-codec-4.1.100.Final.jar;D:\learining\scheduler\kafka\libs\netty-common-4.1.100.Final.jar;D:\learining\scheduler\kafka\libs\netty-handler-4.1.100.Final.jar;D:\learining\scheduler\kafka\libs\netty-resolver-4.1.100.Final.jar;D:\learining\scheduler\kafka\libs\netty-transport-4.1.100.Final.jar;D:\learining\scheduler\kafka\libs\netty-transport-classes-epoll-4.1.100.Final.jar;D:\learining\scheduler\kafka\libs\netty-transport-native-epoll-4.1.100.Final.jar;D:\learining\scheduler\kafka\libs\netty-transport-native-unix-common-4.1.100.Final.jar;D:\learining\scheduler\kafka\libs\opentelemetry-proto-1.0.0-alpha.jar;D:\learining\scheduler\kafka\libs\osgi-resource-locator-1.0.3.jar;D:\learining\scheduler\kafka\libs\paranamer-2.8.jar;D:\learining\scheduler\kafka\libs\pcollections-4.0.1.jar;D:\learining\scheduler\kafka\libs\plexus-utils-3.3.1.jar;D:\learining\scheduler\kafka\libs\protobuf-java-3.23.4.jar;D:\learining\scheduler\kafka\libs\reflections-0.10.2.jar;D:\learining\scheduler\kafka\libs\reload4j-1.2.25.jar;D:\learining\scheduler\kafka\libs\rocksdbjni-7.9.2.jar;D:\learining\scheduler\kafka\libs\scala-collection-compat_2.12-2.10.0.jar;D:\learining\scheduler\kafka\libs\scala-java8-compat_2.12-1.0.2.jar;D:\learining\scheduler\kafka\libs\scala-library-2.12.18.jar;D:\learining\scheduler\kafka\libs\scala-logging_2.12-3.9.4.jar;D:\learining\scheduler\kafka\libs\scala-reflect-2.12.18.jar;D:\learining\scheduler\kafka\libs\slf4j-api-1.7.36.jar;D:\learining\scheduler\kafka\libs\slf4j-reload4j-1.7.36.jar;D:\learining\scheduler\kafka\libs\snappy-java-1.1.10.5.jar;D:\learining\scheduler\kafka\libs\swagger-annotations-2.2.8.jar;D:\learining\scheduler\kafka\libs\trogdor-3.7.0.jar;D:\learining\scheduler\kafka\libs\zookeeper-3.8.3.jar;D:\learining\scheduler\kafka\libs\zookeeper-jute-3.8.3.jar;D:\learining\scheduler\kafka\libs\zstd-jni-1.5.5-6.jar (org.apache.zookeeper.ZooKeeper)
[2024-06-12 14:42:14,561] INFO Client environment:java.library.path=C:\Program Files\Java\jdk-18.0.2.1\bin;C:\WINDOWS\Sun\Java\bin;C:\WINDOWS\system32;C:\WINDOWS;c:\Users\ankitkumarsoni\AppData\Local\Programs\cursor\resources\app\bin;C:\Program Files (x86)\Microsoft SDKs\Azure\CLI2\wbin;C:\Program Files\Common Files\Oracle\Java\javapath;C:\WINDOWS\system32;C:\WINDOWS;C:\WINDOWS\System32\Wbem;C:\WINDOWS\System32\WindowsPowerShell\v1.0\;C:\WINDOWS\System32\OpenSSH\;C:\Program Files\nodejs\;C:\Program Files\Microsoft SQL Server\150\Tools\Binn\;C:\Program Files\Microsoft SQL Server\Client SDK\ODBC\170\Tools\Binn\;C:\Program Files\dotnet\;C:\Program Files (x86)\Microsoft SQL Server\150\DTS\Binn\;C:\Program Files\Azure Data Studio\bin;C:\Program Files\nodejs;c:\Users\ankitkumarsoni\AppData\Local\Programs\cursor\resources\app\bin;C:\Users\ankitkumarsoni\.console-ninja\.bin;C:\Users\ankitkumarsoni\AppData\Local\Microsoft\WindowsApps;C:\Users\ankitkumarsoni\AppData\Roaming\npm;C:\Users\ankitkumarsoni\.dotnet\tools;C:\Program Files\Azure Data Studio\bin;C:\Users\ankitkumarsoni\AppData\Local\GitHubDesktop\bin;C:\Program Files\Git\cmd;C:\Users\ankitkumarsoni\AppData\Local\Microsoft\WindowsApps;C:\Users\ankitkumarsoni\AppData\Roaming\npm;C:\Users\ankitkumarsoni\.dotnet\tools;C:\Program Files\Azure Data Studio\bin;C:\Users\ankitkumarsoni\AppData\Local\GitHubDesktop\bin;C:\Program Files\JetBrains\IntelliJ IDEA Community Edition 2022.2.1\bin;;C:\Users\ankitkumarsoni\AppData\Local\Programs\Microsoft VS Code\bin;. (org.apache.zookeeper.ZooKeeper)
[2024-06-12 14:42:14,561] INFO Client environment:java.io.tmpdir=C:\Users\ANKITK~1\AppData\Local\Temp\ (org.apache.zookeeper.ZooKeeper)
[2024-06-12 14:42:14,561] INFO Client environment:java.compiler=<NA> (org.apache.zookeeper.ZooKeeper)
[2024-06-12 14:42:14,562] INFO Client environment:os.name=Windows 11 (org.apache.zookeeper.ZooKeeper)
[2024-06-12 14:42:14,562] INFO Client environment:os.arch=amd64 (org.apache.zookeeper.ZooKeeper)
[2024-06-12 14:42:14,562] INFO Client environment:os.version=10.0 (org.apache.zookeeper.ZooKeeper)
[2024-06-12 14:42:14,562] INFO Client environment:user.name=ankitkumarsoni (org.apache.zookeeper.ZooKeeper)
[2024-06-12 14:42:14,562] INFO Client environment:user.home=C:\Users\ankitkumarsoni (org.apache.zookeeper.ZooKeeper)
[2024-06-12 14:42:14,562] INFO Client environment:user.dir=D:\learining\scheduler\kafka (org.apache.zookeeper.ZooKeeper)
[2024-06-12 14:42:14,562] INFO Client environment:os.memory.free=985MB (org.apache.zookeeper.ZooKeeper)
[2024-06-12 14:42:14,562] INFO Client environment:os.memory.max=1024MB (org.apache.zookeeper.ZooKeeper)
[2024-06-12 14:42:14,562] INFO Client environment:os.memory.total=1024MB (org.apache.zookeeper.ZooKeeper)
[2024-06-12 14:42:14,564] INFO Initiating client connection, connectString=localhost:2181 sessionTimeout=18000 watcher=kafka.zookeeper.ZooKeeperClient$ZooKeeperClientWatcher$@45a4b042 (org.apache.zookeeper.ZooKeeper)
[2024-06-12 14:42:14,579] INFO jute.maxbuffer value is 4194304 Bytes (org.apache.zookeeper.ClientCnxnSocket)
[2024-06-12 14:42:14,585] INFO zookeeper.request.timeout value is 0. feature enabled=false (org.apache.zookeeper.ClientCnxn)
[2024-06-12 14:42:14,585] INFO [ZooKeeperClient Kafka server] Waiting until connected. (kafka.zookeeper.ZooKeeperClient)
[2024-06-12 14:42:14,585] INFO Opening socket connection to server localhost/127.0.0.1:2181. (org.apache.zookeeper.ClientCnxn)
[2024-06-12 14:42:14,585] WARN Session 0x0 for server localhost/127.0.0.1:2181, Closing socket connection. Attempting reconnect except it is a SessionExpiredException. (org.apache.zookeeper.ClientCnxn)
java.net.ConnectException: Connection refused: no further information
	at java.base/sun.nio.ch.Net.pollConnect(Native Method)
	at java.base/sun.nio.ch.Net.pollConnectNow(Net.java:672)
	at java.base/sun.nio.ch.SocketChannelImpl.finishConnect(SocketChannelImpl.java:946)
	at org.apache.zookeeper.ClientCnxnSocketNIO.doTransport(ClientCnxnSocketNIO.java:344)
	at org.apache.zookeeper.ClientCnxn$SendThread.run(ClientCnxn.java:1289)
[2024-06-12 14:42:15,692] INFO Opening socket connection to server localhost/[0:0:0:0:0:0:0:1]:2181. (org.apache.zookeeper.ClientCnxn)
[2024-06-12 14:42:15,693] WARN Session 0x0 for server localhost/[0:0:0:0:0:0:0:1]:2181, Closing socket connection. Attempting reconnect except it is a SessionExpiredException. (org.apache.zookeeper.ClientCnxn)
java.net.ConnectException: Connection refused: no further information
	at java.base/sun.nio.ch.Net.pollConnect(Native Method)
	at java.base/sun.nio.ch.Net.pollConnectNow(Net.java:672)
	at java.base/sun.nio.ch.SocketChannelImpl.finishConnect(SocketChannelImpl.java:946)
	at org.apache.zookeeper.ClientCnxnSocketNIO.doTransport(ClientCnxnSocketNIO.java:344)
	at org.apache.zookeeper.ClientCnxn$SendThread.run(ClientCnxn.java:1289)
[2024-06-12 14:42:16,806] INFO Opening socket connection to server localhost/127.0.0.1:2181. (org.apache.zookeeper.ClientCnxn)
[2024-06-12 14:42:16,807] WARN Session 0x0 for server localhost/127.0.0.1:2181, Closing socket connection. Attempting reconnect except it is a SessionExpiredException. (org.apache.zookeeper.ClientCnxn)
java.net.ConnectException: Connection refused: no further information
	at java.base/sun.nio.ch.Net.pollConnect(Native Method)
	at java.base/sun.nio.ch.Net.pollConnectNow(Net.java:672)
	at java.base/sun.nio.ch.SocketChannelImpl.finishConnect(SocketChannelImpl.java:946)
	at org.apache.zookeeper.ClientCnxnSocketNIO.doTransport(ClientCnxnSocketNIO.java:344)
	at org.apache.zookeeper.ClientCnxn$SendThread.run(ClientCnxn.java:1289)
[2024-06-12 14:42:17,919] INFO Opening socket connection to server localhost/[0:0:0:0:0:0:0:1]:2181. (org.apache.zookeeper.ClientCnxn)
[2024-06-12 14:42:17,919] WARN Session 0x0 for server localhost/[0:0:0:0:0:0:0:1]:2181, Closing socket connection. Attempting reconnect except it is a SessionExpiredException. (org.apache.zookeeper.ClientCnxn)
java.net.ConnectException: Connection refused: no further information
	at java.base/sun.nio.ch.Net.pollConnect(Native Method)
	at java.base/sun.nio.ch.Net.pollConnectNow(Net.java:672)
	at java.base/sun.nio.ch.SocketChannelImpl.finishConnect(SocketChannelImpl.java:946)
	at org.apache.zookeeper.ClientCnxnSocketNIO.doTransport(ClientCnxnSocketNIO.java:344)
	at org.apache.zookeeper.ClientCnxn$SendThread.run(ClientCnxn.java:1289)
[2024-06-12 14:42:19,038] INFO Opening socket connection to server localhost/[0:0:0:0:0:0:0:1]:2181. (org.apache.zookeeper.ClientCnxn)
[2024-06-12 14:42:19,039] WARN Session 0x0 for server localhost/[0:0:0:0:0:0:0:1]:2181, Closing socket connection. Attempting reconnect except it is a SessionExpiredException. (org.apache.zookeeper.ClientCnxn)
java.net.ConnectException: Connection refused: no further information
	at java.base/sun.nio.ch.Net.pollConnect(Native Method)
	at java.base/sun.nio.ch.Net.pollConnectNow(Net.java:672)
	at java.base/sun.nio.ch.SocketChannelImpl.finishConnect(SocketChannelImpl.java:946)
	at org.apache.zookeeper.ClientCnxnSocketNIO.doTransport(ClientCnxnSocketNIO.java:344)
	at org.apache.zookeeper.ClientCnxn$SendThread.run(ClientCnxn.java:1289)
[2024-06-12 14:42:20,155] INFO Opening socket connection to server localhost/127.0.0.1:2181. (org.apache.zookeeper.ClientCnxn)
[2024-06-12 14:42:20,155] WARN Session 0x0 for server localhost/127.0.0.1:2181, Closing socket connection. Attempting reconnect except it is a SessionExpiredException. (org.apache.zookeeper.ClientCnxn)
java.net.ConnectException: Connection refused: no further information
	at java.base/sun.nio.ch.Net.pollConnect(Native Method)
	at java.base/sun.nio.ch.Net.pollConnectNow(Net.java:672)
	at java.base/sun.nio.ch.SocketChannelImpl.finishConnect(SocketChannelImpl.java:946)
	at org.apache.zookeeper.ClientCnxnSocketNIO.doTransport(ClientCnxnSocketNIO.java:344)
	at org.apache.zookeeper.ClientCnxn$SendThread.run(ClientCnxn.java:1289)
[2024-06-12 14:42:21,270] INFO Opening socket connection to server localhost/127.0.0.1:2181. (org.apache.zookeeper.ClientCnxn)
[2024-06-12 14:42:21,286] WARN Session 0x0 for server localhost/127.0.0.1:2181, Closing socket connection. Attempting reconnect except it is a SessionExpiredException. (org.apache.zookeeper.ClientCnxn)
java.net.ConnectException: Connection refused: no further information
	at java.base/sun.nio.ch.Net.pollConnect(Native Method)
	at java.base/sun.nio.ch.Net.pollConnectNow(Net.java:672)
	at java.base/sun.nio.ch.SocketChannelImpl.finishConnect(SocketChannelImpl.java:946)
	at org.apache.zookeeper.ClientCnxnSocketNIO.doTransport(ClientCnxnSocketNIO.java:344)
	at org.apache.zookeeper.ClientCnxn$SendThread.run(ClientCnxn.java:1289)
[2024-06-12 14:42:22,398] INFO Opening socket connection to server localhost/127.0.0.1:2181. (org.apache.zookeeper.ClientCnxn)
[2024-06-12 14:42:22,398] WARN Session 0x0 for server localhost/127.0.0.1:2181, Closing socket connection. Attempting reconnect except it is a SessionExpiredException. (org.apache.zookeeper.ClientCnxn)
java.net.ConnectException: Connection refused: no further information
	at java.base/sun.nio.ch.Net.pollConnect(Native Method)
	at java.base/sun.nio.ch.Net.pollConnectNow(Net.java:672)
	at java.base/sun.nio.ch.SocketChannelImpl.finishConnect(SocketChannelImpl.java:946)
	at org.apache.zookeeper.ClientCnxnSocketNIO.doTransport(ClientCnxnSocketNIO.java:344)
	at org.apache.zookeeper.ClientCnxn$SendThread.run(ClientCnxn.java:1289)
[2024-06-12 14:42:23,515] INFO Opening socket connection to server localhost/[0:0:0:0:0:0:0:1]:2181. (org.apache.zookeeper.ClientCnxn)
[2024-06-12 14:42:23,515] WARN Session 0x0 for server localhost/[0:0:0:0:0:0:0:1]:2181, Closing socket connection. Attempting reconnect except it is a SessionExpiredException. (org.apache.zookeeper.ClientCnxn)
java.net.ConnectException: Connection refused: no further information
	at java.base/sun.nio.ch.Net.pollConnect(Native Method)
	at java.base/sun.nio.ch.Net.pollConnectNow(Net.java:672)
	at java.base/sun.nio.ch.SocketChannelImpl.finishConnect(SocketChannelImpl.java:946)
	at org.apache.zookeeper.ClientCnxnSocketNIO.doTransport(ClientCnxnSocketNIO.java:344)
	at org.apache.zookeeper.ClientCnxn$SendThread.run(ClientCnxn.java:1289)
[2024-06-12 14:42:24,638] INFO Opening socket connection to server localhost/[0:0:0:0:0:0:0:1]:2181. (org.apache.zookeeper.ClientCnxn)
[2024-06-12 14:42:24,639] WARN Session 0x0 for server localhost/[0:0:0:0:0:0:0:1]:2181, Closing socket connection. Attempting reconnect except it is a SessionExpiredException. (org.apache.zookeeper.ClientCnxn)
java.net.ConnectException: Connection refused: no further information
	at java.base/sun.nio.ch.Net.pollConnect(Native Method)
	at java.base/sun.nio.ch.Net.pollConnectNow(Net.java:672)
	at java.base/sun.nio.ch.SocketChannelImpl.finishConnect(SocketChannelImpl.java:946)
	at org.apache.zookeeper.ClientCnxnSocketNIO.doTransport(ClientCnxnSocketNIO.java:344)
	at org.apache.zookeeper.ClientCnxn$SendThread.run(ClientCnxn.java:1289)
[2024-06-12 14:42:25,754] INFO Opening socket connection to server localhost/127.0.0.1:2181. (org.apache.zookeeper.ClientCnxn)
[2024-06-12 14:42:25,755] WARN Session 0x0 for server localhost/127.0.0.1:2181, Closing socket connection. Attempting reconnect except it is a SessionExpiredException. (org.apache.zookeeper.ClientCnxn)
java.net.ConnectException: Connection refused: no further information
	at java.base/sun.nio.ch.Net.pollConnect(Native Method)
	at java.base/sun.nio.ch.Net.pollConnectNow(Net.java:672)
	at java.base/sun.nio.ch.SocketChannelImpl.finishConnect(SocketChannelImpl.java:946)
	at org.apache.zookeeper.ClientCnxnSocketNIO.doTransport(ClientCnxnSocketNIO.java:344)
	at org.apache.zookeeper.ClientCnxn$SendThread.run(ClientCnxn.java:1289)
[2024-06-12 14:42:26,870] INFO Opening socket connection to server localhost/[0:0:0:0:0:0:0:1]:2181. (org.apache.zookeeper.ClientCnxn)
[2024-06-12 14:42:26,871] WARN Session 0x0 for server localhost/[0:0:0:0:0:0:0:1]:2181, Closing socket connection. Attempting reconnect except it is a SessionExpiredException. (org.apache.zookeeper.ClientCnxn)
java.net.ConnectException: Connection refused: no further information
	at java.base/sun.nio.ch.Net.pollConnect(Native Method)
	at java.base/sun.nio.ch.Net.pollConnectNow(Net.java:672)
	at java.base/sun.nio.ch.SocketChannelImpl.finishConnect(SocketChannelImpl.java:946)
	at org.apache.zookeeper.ClientCnxnSocketNIO.doTransport(ClientCnxnSocketNIO.java:344)
	at org.apache.zookeeper.ClientCnxn$SendThread.run(ClientCnxn.java:1289)
[2024-06-12 14:42:27,993] INFO Opening socket connection to server localhost/[0:0:0:0:0:0:0:1]:2181. (org.apache.zookeeper.ClientCnxn)
[2024-06-12 14:42:27,994] WARN Session 0x0 for server localhost/[0:0:0:0:0:0:0:1]:2181, Closing socket connection. Attempting reconnect except it is a SessionExpiredException. (org.apache.zookeeper.ClientCnxn)
java.net.ConnectException: Connection refused: no further information
	at java.base/sun.nio.ch.Net.pollConnect(Native Method)
	at java.base/sun.nio.ch.Net.pollConnectNow(Net.java:672)
	at java.base/sun.nio.ch.SocketChannelImpl.finishConnect(SocketChannelImpl.java:946)
	at org.apache.zookeeper.ClientCnxnSocketNIO.doTransport(ClientCnxnSocketNIO.java:344)
	at org.apache.zookeeper.ClientCnxn$SendThread.run(ClientCnxn.java:1289)
[2024-06-12 14:42:29,116] INFO Opening socket connection to server localhost/127.0.0.1:2181. (org.apache.zookeeper.ClientCnxn)
[2024-06-12 14:42:29,117] WARN Session 0x0 for server localhost/127.0.0.1:2181, Closing socket connection. Attempting reconnect except it is a SessionExpiredException. (org.apache.zookeeper.ClientCnxn)
java.net.ConnectException: Connection refused: no further information
	at java.base/sun.nio.ch.Net.pollConnect(Native Method)
	at java.base/sun.nio.ch.Net.pollConnectNow(Net.java:672)
	at java.base/sun.nio.ch.SocketChannelImpl.finishConnect(SocketChannelImpl.java:946)
	at org.apache.zookeeper.ClientCnxnSocketNIO.doTransport(ClientCnxnSocketNIO.java:344)
	at org.apache.zookeeper.ClientCnxn$SendThread.run(ClientCnxn.java:1289)
[2024-06-12 14:42:30,235] INFO Opening socket connection to server localhost/[0:0:0:0:0:0:0:1]:2181. (org.apache.zookeeper.ClientCnxn)
[2024-06-12 14:42:30,236] WARN Session 0x0 for server localhost/[0:0:0:0:0:0:0:1]:2181, Closing socket connection. Attempting reconnect except it is a SessionExpiredException. (org.apache.zookeeper.ClientCnxn)
java.net.ConnectException: Connection refused: no further information
	at java.base/sun.nio.ch.Net.pollConnect(Native Method)
	at java.base/sun.nio.ch.Net.pollConnectNow(Net.java:672)
	at java.base/sun.nio.ch.SocketChannelImpl.finishConnect(SocketChannelImpl.java:946)
	at org.apache.zookeeper.ClientCnxnSocketNIO.doTransport(ClientCnxnSocketNIO.java:344)
	at org.apache.zookeeper.ClientCnxn$SendThread.run(ClientCnxn.java:1289)
[2024-06-12 14:42:31,348] INFO Opening socket connection to server localhost/[0:0:0:0:0:0:0:1]:2181. (org.apache.zookeeper.ClientCnxn)
[2024-06-12 14:42:31,349] WARN Session 0x0 for server localhost/[0:0:0:0:0:0:0:1]:2181, Closing socket connection. Attempting reconnect except it is a SessionExpiredException. (org.apache.zookeeper.ClientCnxn)
java.net.ConnectException: Connection refused: no further information
	at java.base/sun.nio.ch.Net.pollConnect(Native Method)
	at java.base/sun.nio.ch.Net.pollConnectNow(Net.java:672)
	at java.base/sun.nio.ch.SocketChannelImpl.finishConnect(SocketChannelImpl.java:946)
	at org.apache.zookeeper.ClientCnxnSocketNIO.doTransport(ClientCnxnSocketNIO.java:344)
	at org.apache.zookeeper.ClientCnxn$SendThread.run(ClientCnxn.java:1289)
[2024-06-12 14:42:32,464] INFO Opening socket connection to server localhost/127.0.0.1:2181. (org.apache.zookeeper.ClientCnxn)
[2024-06-12 14:42:32,466] WARN Session 0x0 for server localhost/127.0.0.1:2181, Closing socket connection. Attempting reconnect except it is a SessionExpiredException. (org.apache.zookeeper.ClientCnxn)
java.net.ConnectException: Connection refused: no further information
	at java.base/sun.nio.ch.Net.pollConnect(Native Method)
	at java.base/sun.nio.ch.Net.pollConnectNow(Net.java:672)
	at java.base/sun.nio.ch.SocketChannelImpl.finishConnect(SocketChannelImpl.java:946)
	at org.apache.zookeeper.ClientCnxnSocketNIO.doTransport(ClientCnxnSocketNIO.java:344)
	at org.apache.zookeeper.ClientCnxn$SendThread.run(ClientCnxn.java:1289)
[2024-06-12 14:42:32,588] INFO [ZooKeeperClient Kafka server] Closing. (kafka.zookeeper.ZooKeeperClient)
[2024-06-12 14:42:33,575] INFO Opening socket connection to server localhost/[0:0:0:0:0:0:0:1]:2181. (org.apache.zookeeper.ClientCnxn)
[2024-06-12 14:42:33,683] INFO Session: 0x0 closed (org.apache.zookeeper.ZooKeeper)
[2024-06-12 14:42:33,684] INFO EventThread shut down for session: 0x0 (org.apache.zookeeper.ClientCnxn)
[2024-06-12 14:42:33,686] INFO [ZooKeeperClient Kafka server] Closed. (kafka.zookeeper.ZooKeeperClient)
[2024-06-12 14:42:33,688] ERROR Fatal error during KafkaServer startup. Prepare to shutdown (kafka.server.KafkaServer)
kafka.zookeeper.ZooKeeperClientTimeoutException: Timed out waiting for connection while in state: CONNECTING
	at kafka.zookeeper.ZooKeeperClient.$anonfun$waitUntilConnected$3(ZooKeeperClient.scala:258)
	at kafka.zookeeper.ZooKeeperClient.waitUntilConnected(ZooKeeperClient.scala:254)
	at kafka.zookeeper.ZooKeeperClient.<init>(ZooKeeperClient.scala:116)
	at kafka.zk.KafkaZkClient$.apply(KafkaZkClient.scala:2266)
	at kafka.zk.KafkaZkClient$.createZkClient(KafkaZkClient.scala:2358)
	at kafka.server.KafkaServer.initZkClient(KafkaServer.scala:717)
	at kafka.server.KafkaServer.startup(KafkaServer.scala:226)
	at kafka.Kafka$.main(Kafka.scala:112)
	at kafka.Kafka.main(Kafka.scala)
[2024-06-12 14:42:33,688] INFO shutting down (kafka.server.KafkaServer)
[2024-06-12 14:42:33,693] INFO App info kafka.server for 0 unregistered (org.apache.kafka.common.utils.AppInfoParser)
[2024-06-12 14:42:33,694] INFO shut down completed (kafka.server.KafkaServer)
[2024-06-12 14:42:33,694] ERROR Exiting Kafka due to fatal exception during startup. (kafka.Kafka$)
kafka.zookeeper.ZooKeeperClientTimeoutException: Timed out waiting for connection while in state: CONNECTING
	at kafka.zookeeper.ZooKeeperClient.$anonfun$waitUntilConnected$3(ZooKeeperClient.scala:258)
	at kafka.zookeeper.ZooKeeperClient.waitUntilConnected(ZooKeeperClient.scala:254)
	at kafka.zookeeper.ZooKeeperClient.<init>(ZooKeeperClient.scala:116)
	at kafka.zk.KafkaZkClient$.apply(KafkaZkClient.scala:2266)
	at kafka.zk.KafkaZkClient$.createZkClient(KafkaZkClient.scala:2358)
	at kafka.server.KafkaServer.initZkClient(KafkaServer.scala:717)
	at kafka.server.KafkaServer.startup(KafkaServer.scala:226)
	at kafka.Kafka$.main(Kafka.scala:112)
	at kafka.Kafka.main(Kafka.scala)
[2024-06-12 14:42:33,695] INFO shutting down (kafka.server.KafkaServer)
[2024-06-12 14:42:49,437] INFO Registered kafka:type=kafka.Log4jController MBean (kafka.utils.Log4jControllerRegistration$)
[2024-06-12 14:42:49,708] INFO Setting -D jdk.tls.rejectClientInitiatedRenegotiation=true to disable client-initiated TLS renegotiation (org.apache.zookeeper.common.X509Util)
[2024-06-12 14:42:49,787] INFO starting (kafka.server.KafkaServer)
[2024-06-12 14:42:49,788] INFO Connecting to zookeeper on localhost:2181 (kafka.server.KafkaServer)
[2024-06-12 14:42:49,803] INFO [ZooKeeperClient Kafka server] Initializing a new session to localhost:2181. (kafka.zookeeper.ZooKeeperClient)
[2024-06-12 14:42:49,810] INFO Client environment:zookeeper.version=3.8.3-6ad6d364c7c0bcf0de452d54ebefa3058098ab56, built on 2023-10-05 10:34 UTC (org.apache.zookeeper.ZooKeeper)
[2024-06-12 14:42:49,810] INFO Client environment:host.name=LAP-2363.GMG.LOCAL (org.apache.zookeeper.ZooKeeper)
[2024-06-12 14:42:49,810] INFO Client environment:java.version=18.0.2.1 (org.apache.zookeeper.ZooKeeper)
[2024-06-12 14:42:49,810] INFO Client environment:java.vendor=Oracle Corporation (org.apache.zookeeper.ZooKeeper)
[2024-06-12 14:42:49,810] INFO Client environment:java.home=C:\Program Files\Java\jdk-18.0.2.1 (org.apache.zookeeper.ZooKeeper)
[2024-06-12 14:42:49,810] INFO Client environment:java.class.path=D:\learining\scheduler\kafka\libs\activation-1.1.1.jar;D:\learining\scheduler\kafka\libs\aopalliance-repackaged-2.6.1.jar;D:\learining\scheduler\kafka\libs\argparse4j-0.7.0.jar;D:\learining\scheduler\kafka\libs\audience-annotations-0.12.0.jar;D:\learining\scheduler\kafka\libs\caffeine-2.9.3.jar;D:\learining\scheduler\kafka\libs\checker-qual-3.19.0.jar;D:\learining\scheduler\kafka\libs\commons-beanutils-1.9.4.jar;D:\learining\scheduler\kafka\libs\commons-cli-1.4.jar;D:\learining\scheduler\kafka\libs\commons-collections-3.2.2.jar;D:\learining\scheduler\kafka\libs\commons-digester-2.1.jar;D:\learining\scheduler\kafka\libs\commons-io-2.11.0.jar;D:\learining\scheduler\kafka\libs\commons-lang3-3.8.1.jar;D:\learining\scheduler\kafka\libs\commons-logging-1.2.jar;D:\learining\scheduler\kafka\libs\commons-validator-1.7.jar;D:\learining\scheduler\kafka\libs\connect-api-3.7.0.jar;D:\learining\scheduler\kafka\libs\connect-basic-auth-extension-3.7.0.jar;D:\learining\scheduler\kafka\libs\connect-file-3.7.0.jar;D:\learining\scheduler\kafka\libs\connect-json-3.7.0.jar;D:\learining\scheduler\kafka\libs\connect-mirror-3.7.0.jar;D:\learining\scheduler\kafka\libs\connect-mirror-client-3.7.0.jar;D:\learining\scheduler\kafka\libs\connect-runtime-3.7.0.jar;D:\learining\scheduler\kafka\libs\connect-transforms-3.7.0.jar;D:\learining\scheduler\kafka\libs\error_prone_annotations-2.10.0.jar;D:\learining\scheduler\kafka\libs\hk2-api-2.6.1.jar;D:\learining\scheduler\kafka\libs\hk2-locator-2.6.1.jar;D:\learining\scheduler\kafka\libs\hk2-utils-2.6.1.jar;D:\learining\scheduler\kafka\libs\jackson-annotations-2.16.0.jar;D:\learining\scheduler\kafka\libs\jackson-core-2.16.0.jar;D:\learining\scheduler\kafka\libs\jackson-databind-2.16.0.jar;D:\learining\scheduler\kafka\libs\jackson-dataformat-csv-2.16.0.jar;D:\learining\scheduler\kafka\libs\jackson-datatype-jdk8-2.16.0.jar;D:\learining\scheduler\kafka\libs\jackson-jaxrs-base-2.16.0.jar;D:\learining\scheduler\kafka\libs\jackson-jaxrs-json-provider-2.16.0.jar;D:\learining\scheduler\kafka\libs\jackson-module-jaxb-annotations-2.16.0.jar;D:\learining\scheduler\kafka\libs\jackson-module-scala_2.12-2.16.0.jar;D:\learining\scheduler\kafka\libs\jakarta.activation-api-1.2.2.jar;D:\learining\scheduler\kafka\libs\jakarta.annotation-api-1.3.5.jar;D:\learining\scheduler\kafka\libs\jakarta.inject-2.6.1.jar;D:\learining\scheduler\kafka\libs\jakarta.validation-api-2.0.2.jar;D:\learining\scheduler\kafka\libs\jakarta.ws.rs-api-2.1.6.jar;D:\learining\scheduler\kafka\libs\jakarta.xml.bind-api-2.3.3.jar;D:\learining\scheduler\kafka\libs\javassist-3.29.2-GA.jar;D:\learining\scheduler\kafka\libs\javax.activation-api-1.2.0.jar;D:\learining\scheduler\kafka\libs\javax.annotation-api-1.3.2.jar;D:\learining\scheduler\kafka\libs\javax.servlet-api-3.1.0.jar;D:\learining\scheduler\kafka\libs\javax.ws.rs-api-2.1.1.jar;D:\learining\scheduler\kafka\libs\jaxb-api-2.3.1.jar;D:\learining\scheduler\kafka\libs\jersey-client-2.39.1.jar;D:\learining\scheduler\kafka\libs\jersey-common-2.39.1.jar;D:\learining\scheduler\kafka\libs\jersey-container-servlet-2.39.1.jar;D:\learining\scheduler\kafka\libs\jersey-container-servlet-core-2.39.1.jar;D:\learining\scheduler\kafka\libs\jersey-hk2-2.39.1.jar;D:\learining\scheduler\kafka\libs\jersey-server-2.39.1.jar;D:\learining\scheduler\kafka\libs\jetty-client-9.4.53.v20231009.jar;D:\learining\scheduler\kafka\libs\jetty-continuation-9.4.53.v20231009.jar;D:\learining\scheduler\kafka\libs\jetty-http-9.4.53.v20231009.jar;D:\learining\scheduler\kafka\libs\jetty-io-9.4.53.v20231009.jar;D:\learining\scheduler\kafka\libs\jetty-security-9.4.53.v20231009.jar;D:\learining\scheduler\kafka\libs\jetty-server-9.4.53.v20231009.jar;D:\learining\scheduler\kafka\libs\jetty-servlet-9.4.53.v20231009.jar;D:\learining\scheduler\kafka\libs\jetty-servlets-9.4.53.v20231009.jar;D:\learining\scheduler\kafka\libs\jetty-util-9.4.53.v20231009.jar;D:\learining\scheduler\kafka\libs\jetty-util-ajax-9.4.53.v20231009.jar;D:\learining\scheduler\kafka\libs\jline-3.22.0.jar;D:\learining\scheduler\kafka\libs\jopt-simple-5.0.4.jar;D:\learining\scheduler\kafka\libs\jose4j-0.9.4.jar;D:\learining\scheduler\kafka\libs\jsr305-3.0.2.jar;D:\learining\scheduler\kafka\libs\kafka-clients-3.7.0.jar;D:\learining\scheduler\kafka\libs\kafka-group-coordinator-3.7.0.jar;D:\learining\scheduler\kafka\libs\kafka-log4j-appender-3.7.0.jar;D:\learining\scheduler\kafka\libs\kafka-metadata-3.7.0.jar;D:\learining\scheduler\kafka\libs\kafka-raft-3.7.0.jar;D:\learining\scheduler\kafka\libs\kafka-server-3.7.0.jar;D:\learining\scheduler\kafka\libs\kafka-server-common-3.7.0.jar;D:\learining\scheduler\kafka\libs\kafka-shell-3.7.0.jar;D:\learining\scheduler\kafka\libs\kafka-storage-3.7.0.jar;D:\learining\scheduler\kafka\libs\kafka-storage-api-3.7.0.jar;D:\learining\scheduler\kafka\libs\kafka-streams-3.7.0.jar;D:\learining\scheduler\kafka\libs\kafka-streams-examples-3.7.0.jar;D:\learining\scheduler\kafka\libs\kafka-streams-scala_2.12-3.7.0.jar;D:\learining\scheduler\kafka\libs\kafka-streams-test-utils-3.7.0.jar;D:\learining\scheduler\kafka\libs\kafka-tools-3.7.0.jar;D:\learining\scheduler\kafka\libs\kafka-tools-api-3.7.0.jar;D:\learining\scheduler\kafka\libs\kafka_2.12-3.7.0.jar;D:\learining\scheduler\kafka\libs\lz4-java-1.8.0.jar;D:\learining\scheduler\kafka\libs\maven-artifact-3.8.8.jar;D:\learining\scheduler\kafka\libs\metrics-core-2.2.0.jar;D:\learining\scheduler\kafka\libs\metrics-core-4.1.12.1.jar;D:\learining\scheduler\kafka\libs\netty-buffer-4.1.100.Final.jar;D:\learining\scheduler\kafka\libs\netty-codec-4.1.100.Final.jar;D:\learining\scheduler\kafka\libs\netty-common-4.1.100.Final.jar;D:\learining\scheduler\kafka\libs\netty-handler-4.1.100.Final.jar;D:\learining\scheduler\kafka\libs\netty-resolver-4.1.100.Final.jar;D:\learining\scheduler\kafka\libs\netty-transport-4.1.100.Final.jar;D:\learining\scheduler\kafka\libs\netty-transport-classes-epoll-4.1.100.Final.jar;D:\learining\scheduler\kafka\libs\netty-transport-native-epoll-4.1.100.Final.jar;D:\learining\scheduler\kafka\libs\netty-transport-native-unix-common-4.1.100.Final.jar;D:\learining\scheduler\kafka\libs\opentelemetry-proto-1.0.0-alpha.jar;D:\learining\scheduler\kafka\libs\osgi-resource-locator-1.0.3.jar;D:\learining\scheduler\kafka\libs\paranamer-2.8.jar;D:\learining\scheduler\kafka\libs\pcollections-4.0.1.jar;D:\learining\scheduler\kafka\libs\plexus-utils-3.3.1.jar;D:\learining\scheduler\kafka\libs\protobuf-java-3.23.4.jar;D:\learining\scheduler\kafka\libs\reflections-0.10.2.jar;D:\learining\scheduler\kafka\libs\reload4j-1.2.25.jar;D:\learining\scheduler\kafka\libs\rocksdbjni-7.9.2.jar;D:\learining\scheduler\kafka\libs\scala-collection-compat_2.12-2.10.0.jar;D:\learining\scheduler\kafka\libs\scala-java8-compat_2.12-1.0.2.jar;D:\learining\scheduler\kafka\libs\scala-library-2.12.18.jar;D:\learining\scheduler\kafka\libs\scala-logging_2.12-3.9.4.jar;D:\learining\scheduler\kafka\libs\scala-reflect-2.12.18.jar;D:\learining\scheduler\kafka\libs\slf4j-api-1.7.36.jar;D:\learining\scheduler\kafka\libs\slf4j-reload4j-1.7.36.jar;D:\learining\scheduler\kafka\libs\snappy-java-1.1.10.5.jar;D:\learining\scheduler\kafka\libs\swagger-annotations-2.2.8.jar;D:\learining\scheduler\kafka\libs\trogdor-3.7.0.jar;D:\learining\scheduler\kafka\libs\zookeeper-3.8.3.jar;D:\learining\scheduler\kafka\libs\zookeeper-jute-3.8.3.jar;D:\learining\scheduler\kafka\libs\zstd-jni-1.5.5-6.jar (org.apache.zookeeper.ZooKeeper)
[2024-06-12 14:42:49,813] INFO Client environment:java.library.path=C:\Program Files\Java\jdk-18.0.2.1\bin;C:\WINDOWS\Sun\Java\bin;C:\WINDOWS\system32;C:\WINDOWS;c:\Users\ankitkumarsoni\AppData\Local\Programs\cursor\resources\app\bin;C:\Program Files (x86)\Microsoft SDKs\Azure\CLI2\wbin;C:\Program Files\Common Files\Oracle\Java\javapath;C:\WINDOWS\system32;C:\WINDOWS;C:\WINDOWS\System32\Wbem;C:\WINDOWS\System32\WindowsPowerShell\v1.0\;C:\WINDOWS\System32\OpenSSH\;C:\Program Files\nodejs\;C:\Program Files\Microsoft SQL Server\150\Tools\Binn\;C:\Program Files\Microsoft SQL Server\Client SDK\ODBC\170\Tools\Binn\;C:\Program Files\dotnet\;C:\Program Files (x86)\Microsoft SQL Server\150\DTS\Binn\;C:\Program Files\Azure Data Studio\bin;C:\Program Files\nodejs;c:\Users\ankitkumarsoni\AppData\Local\Programs\cursor\resources\app\bin;C:\Users\ankitkumarsoni\.console-ninja\.bin;C:\Users\ankitkumarsoni\AppData\Local\Microsoft\WindowsApps;C:\Users\ankitkumarsoni\AppData\Roaming\npm;C:\Users\ankitkumarsoni\.dotnet\tools;C:\Program Files\Azure Data Studio\bin;C:\Users\ankitkumarsoni\AppData\Local\GitHubDesktop\bin;C:\Program Files\Git\cmd;C:\Users\ankitkumarsoni\AppData\Local\Microsoft\WindowsApps;C:\Users\ankitkumarsoni\AppData\Roaming\npm;C:\Users\ankitkumarsoni\.dotnet\tools;C:\Program Files\Azure Data Studio\bin;C:\Users\ankitkumarsoni\AppData\Local\GitHubDesktop\bin;C:\Program Files\JetBrains\IntelliJ IDEA Community Edition 2022.2.1\bin;;C:\Users\ankitkumarsoni\AppData\Local\Programs\Microsoft VS Code\bin;. (org.apache.zookeeper.ZooKeeper)
[2024-06-12 14:42:49,814] INFO Client environment:java.io.tmpdir=C:\Users\ANKITK~1\AppData\Local\Temp\ (org.apache.zookeeper.ZooKeeper)
[2024-06-12 14:42:49,814] INFO Client environment:java.compiler=<NA> (org.apache.zookeeper.ZooKeeper)
[2024-06-12 14:42:49,814] INFO Client environment:os.name=Windows 11 (org.apache.zookeeper.ZooKeeper)
[2024-06-12 14:42:49,814] INFO Client environment:os.arch=amd64 (org.apache.zookeeper.ZooKeeper)
[2024-06-12 14:42:49,814] INFO Client environment:os.version=10.0 (org.apache.zookeeper.ZooKeeper)
[2024-06-12 14:42:49,815] INFO Client environment:user.name=ankitkumarsoni (org.apache.zookeeper.ZooKeeper)
[2024-06-12 14:42:49,815] INFO Client environment:user.home=C:\Users\ankitkumarsoni (org.apache.zookeeper.ZooKeeper)
[2024-06-12 14:42:49,815] INFO Client environment:user.dir=D:\learining\scheduler\kafka (org.apache.zookeeper.ZooKeeper)
[2024-06-12 14:42:49,815] INFO Client environment:os.memory.free=985MB (org.apache.zookeeper.ZooKeeper)
[2024-06-12 14:42:49,815] INFO Client environment:os.memory.max=1024MB (org.apache.zookeeper.ZooKeeper)
[2024-06-12 14:42:49,815] INFO Client environment:os.memory.total=1024MB (org.apache.zookeeper.ZooKeeper)
[2024-06-12 14:42:49,817] INFO Initiating client connection, connectString=localhost:2181 sessionTimeout=18000 watcher=kafka.zookeeper.ZooKeeperClient$ZooKeeperClientWatcher$@19e7a160 (org.apache.zookeeper.ZooKeeper)
[2024-06-12 14:42:49,829] INFO jute.maxbuffer value is 4194304 Bytes (org.apache.zookeeper.ClientCnxnSocket)
[2024-06-12 14:42:49,835] INFO zookeeper.request.timeout value is 0. feature enabled=false (org.apache.zookeeper.ClientCnxn)
[2024-06-12 14:42:49,837] INFO [ZooKeeperClient Kafka server] Waiting until connected. (kafka.zookeeper.ZooKeeperClient)
[2024-06-12 14:42:49,838] INFO Opening socket connection to server localhost/127.0.0.1:2181. (org.apache.zookeeper.ClientCnxn)
[2024-06-12 14:42:49,840] WARN Session 0x0 for server localhost/127.0.0.1:2181, Closing socket connection. Attempting reconnect except it is a SessionExpiredException. (org.apache.zookeeper.ClientCnxn)
java.net.ConnectException: Connection refused: no further information
	at java.base/sun.nio.ch.Net.pollConnect(Native Method)
	at java.base/sun.nio.ch.Net.pollConnectNow(Net.java:672)
	at java.base/sun.nio.ch.SocketChannelImpl.finishConnect(SocketChannelImpl.java:946)
	at org.apache.zookeeper.ClientCnxnSocketNIO.doTransport(ClientCnxnSocketNIO.java:344)
	at org.apache.zookeeper.ClientCnxn$SendThread.run(ClientCnxn.java:1289)
[2024-06-12 14:42:50,962] INFO Opening socket connection to server localhost/127.0.0.1:2181. (org.apache.zookeeper.ClientCnxn)
[2024-06-12 14:42:50,963] WARN Session 0x0 for server localhost/127.0.0.1:2181, Closing socket connection. Attempting reconnect except it is a SessionExpiredException. (org.apache.zookeeper.ClientCnxn)
java.net.ConnectException: Connection refused: no further information
	at java.base/sun.nio.ch.Net.pollConnect(Native Method)
	at java.base/sun.nio.ch.Net.pollConnectNow(Net.java:672)
	at java.base/sun.nio.ch.SocketChannelImpl.finishConnect(SocketChannelImpl.java:946)
	at org.apache.zookeeper.ClientCnxnSocketNIO.doTransport(ClientCnxnSocketNIO.java:344)
	at org.apache.zookeeper.ClientCnxn$SendThread.run(ClientCnxn.java:1289)
[2024-06-12 14:42:52,075] INFO Opening socket connection to server localhost/[0:0:0:0:0:0:0:1]:2181. (org.apache.zookeeper.ClientCnxn)
[2024-06-12 14:42:52,077] WARN Session 0x0 for server localhost/[0:0:0:0:0:0:0:1]:2181, Closing socket connection. Attempting reconnect except it is a SessionExpiredException. (org.apache.zookeeper.ClientCnxn)
java.net.ConnectException: Connection refused: no further information
	at java.base/sun.nio.ch.Net.pollConnect(Native Method)
	at java.base/sun.nio.ch.Net.pollConnectNow(Net.java:672)
	at java.base/sun.nio.ch.SocketChannelImpl.finishConnect(SocketChannelImpl.java:946)
	at org.apache.zookeeper.ClientCnxnSocketNIO.doTransport(ClientCnxnSocketNIO.java:344)
	at org.apache.zookeeper.ClientCnxn$SendThread.run(ClientCnxn.java:1289)
[2024-06-12 14:42:53,188] INFO Opening socket connection to server localhost/[0:0:0:0:0:0:0:1]:2181. (org.apache.zookeeper.ClientCnxn)
[2024-06-12 14:42:53,189] WARN Session 0x0 for server localhost/[0:0:0:0:0:0:0:1]:2181, Closing socket connection. Attempting reconnect except it is a SessionExpiredException. (org.apache.zookeeper.ClientCnxn)
java.net.ConnectException: Connection refused: no further information
	at java.base/sun.nio.ch.Net.pollConnect(Native Method)
	at java.base/sun.nio.ch.Net.pollConnectNow(Net.java:672)
	at java.base/sun.nio.ch.SocketChannelImpl.finishConnect(SocketChannelImpl.java:946)
	at org.apache.zookeeper.ClientCnxnSocketNIO.doTransport(ClientCnxnSocketNIO.java:344)
	at org.apache.zookeeper.ClientCnxn$SendThread.run(ClientCnxn.java:1289)
[2024-06-12 14:42:54,303] INFO Opening socket connection to server localhost/[0:0:0:0:0:0:0:1]:2181. (org.apache.zookeeper.ClientCnxn)
[2024-06-12 14:42:54,304] WARN Session 0x0 for server localhost/[0:0:0:0:0:0:0:1]:2181, Closing socket connection. Attempting reconnect except it is a SessionExpiredException. (org.apache.zookeeper.ClientCnxn)
java.net.ConnectException: Connection refused: no further information
	at java.base/sun.nio.ch.Net.pollConnect(Native Method)
	at java.base/sun.nio.ch.Net.pollConnectNow(Net.java:672)
	at java.base/sun.nio.ch.SocketChannelImpl.finishConnect(SocketChannelImpl.java:946)
	at org.apache.zookeeper.ClientCnxnSocketNIO.doTransport(ClientCnxnSocketNIO.java:344)
	at org.apache.zookeeper.ClientCnxn$SendThread.run(ClientCnxn.java:1289)
[2024-06-12 14:42:55,412] INFO Opening socket connection to server localhost/[0:0:0:0:0:0:0:1]:2181. (org.apache.zookeeper.ClientCnxn)
[2024-06-12 14:42:55,413] WARN Session 0x0 for server localhost/[0:0:0:0:0:0:0:1]:2181, Closing socket connection. Attempting reconnect except it is a SessionExpiredException. (org.apache.zookeeper.ClientCnxn)
java.net.ConnectException: Connection refused: no further information
	at java.base/sun.nio.ch.Net.pollConnect(Native Method)
	at java.base/sun.nio.ch.Net.pollConnectNow(Net.java:672)
	at java.base/sun.nio.ch.SocketChannelImpl.finishConnect(SocketChannelImpl.java:946)
	at org.apache.zookeeper.ClientCnxnSocketNIO.doTransport(ClientCnxnSocketNIO.java:344)
	at org.apache.zookeeper.ClientCnxn$SendThread.run(ClientCnxn.java:1289)
[2024-06-12 14:42:56,528] INFO Opening socket connection to server localhost/[0:0:0:0:0:0:0:1]:2181. (org.apache.zookeeper.ClientCnxn)
[2024-06-12 14:42:56,530] WARN Session 0x0 for server localhost/[0:0:0:0:0:0:0:1]:2181, Closing socket connection. Attempting reconnect except it is a SessionExpiredException. (org.apache.zookeeper.ClientCnxn)
java.net.ConnectException: Connection refused: no further information
	at java.base/sun.nio.ch.Net.pollConnect(Native Method)
	at java.base/sun.nio.ch.Net.pollConnectNow(Net.java:672)
	at java.base/sun.nio.ch.SocketChannelImpl.finishConnect(SocketChannelImpl.java:946)
	at org.apache.zookeeper.ClientCnxnSocketNIO.doTransport(ClientCnxnSocketNIO.java:344)
	at org.apache.zookeeper.ClientCnxn$SendThread.run(ClientCnxn.java:1289)
[2024-06-12 14:42:57,644] INFO Opening socket connection to server localhost/127.0.0.1:2181. (org.apache.zookeeper.ClientCnxn)
[2024-06-12 14:42:57,645] WARN Session 0x0 for server localhost/127.0.0.1:2181, Closing socket connection. Attempting reconnect except it is a SessionExpiredException. (org.apache.zookeeper.ClientCnxn)
java.net.ConnectException: Connection refused: no further information
	at java.base/sun.nio.ch.Net.pollConnect(Native Method)
	at java.base/sun.nio.ch.Net.pollConnectNow(Net.java:672)
	at java.base/sun.nio.ch.SocketChannelImpl.finishConnect(SocketChannelImpl.java:946)
	at org.apache.zookeeper.ClientCnxnSocketNIO.doTransport(ClientCnxnSocketNIO.java:344)
	at org.apache.zookeeper.ClientCnxn$SendThread.run(ClientCnxn.java:1289)
[2024-06-12 14:42:58,763] INFO Opening socket connection to server localhost/[0:0:0:0:0:0:0:1]:2181. (org.apache.zookeeper.ClientCnxn)
[2024-06-12 14:42:58,765] WARN Session 0x0 for server localhost/[0:0:0:0:0:0:0:1]:2181, Closing socket connection. Attempting reconnect except it is a SessionExpiredException. (org.apache.zookeeper.ClientCnxn)
java.net.ConnectException: Connection refused: no further information
	at java.base/sun.nio.ch.Net.pollConnect(Native Method)
	at java.base/sun.nio.ch.Net.pollConnectNow(Net.java:672)
	at java.base/sun.nio.ch.SocketChannelImpl.finishConnect(SocketChannelImpl.java:946)
	at org.apache.zookeeper.ClientCnxnSocketNIO.doTransport(ClientCnxnSocketNIO.java:344)
	at org.apache.zookeeper.ClientCnxn$SendThread.run(ClientCnxn.java:1289)
[2024-06-12 14:42:59,884] INFO Opening socket connection to server localhost/[0:0:0:0:0:0:0:1]:2181. (org.apache.zookeeper.ClientCnxn)
[2024-06-12 14:42:59,885] WARN Session 0x0 for server localhost/[0:0:0:0:0:0:0:1]:2181, Closing socket connection. Attempting reconnect except it is a SessionExpiredException. (org.apache.zookeeper.ClientCnxn)
java.net.ConnectException: Connection refused: no further information
	at java.base/sun.nio.ch.Net.pollConnect(Native Method)
	at java.base/sun.nio.ch.Net.pollConnectNow(Net.java:672)
	at java.base/sun.nio.ch.SocketChannelImpl.finishConnect(SocketChannelImpl.java:946)
	at org.apache.zookeeper.ClientCnxnSocketNIO.doTransport(ClientCnxnSocketNIO.java:344)
	at org.apache.zookeeper.ClientCnxn$SendThread.run(ClientCnxn.java:1289)
[2024-06-12 14:43:01,006] INFO Opening socket connection to server localhost/[0:0:0:0:0:0:0:1]:2181. (org.apache.zookeeper.ClientCnxn)
[2024-06-12 14:43:01,007] WARN Session 0x0 for server localhost/[0:0:0:0:0:0:0:1]:2181, Closing socket connection. Attempting reconnect except it is a SessionExpiredException. (org.apache.zookeeper.ClientCnxn)
java.net.ConnectException: Connection refused: no further information
	at java.base/sun.nio.ch.Net.pollConnect(Native Method)
	at java.base/sun.nio.ch.Net.pollConnectNow(Net.java:672)
	at java.base/sun.nio.ch.SocketChannelImpl.finishConnect(SocketChannelImpl.java:946)
	at org.apache.zookeeper.ClientCnxnSocketNIO.doTransport(ClientCnxnSocketNIO.java:344)
	at org.apache.zookeeper.ClientCnxn$SendThread.run(ClientCnxn.java:1289)
[2024-06-12 14:43:02,122] INFO Opening socket connection to server localhost/[0:0:0:0:0:0:0:1]:2181. (org.apache.zookeeper.ClientCnxn)
[2024-06-12 14:43:02,123] WARN Session 0x0 for server localhost/[0:0:0:0:0:0:0:1]:2181, Closing socket connection. Attempting reconnect except it is a SessionExpiredException. (org.apache.zookeeper.ClientCnxn)
java.net.ConnectException: Connection refused: no further information
	at java.base/sun.nio.ch.Net.pollConnect(Native Method)
	at java.base/sun.nio.ch.Net.pollConnectNow(Net.java:672)
	at java.base/sun.nio.ch.SocketChannelImpl.finishConnect(SocketChannelImpl.java:946)
	at org.apache.zookeeper.ClientCnxnSocketNIO.doTransport(ClientCnxnSocketNIO.java:344)
	at org.apache.zookeeper.ClientCnxn$SendThread.run(ClientCnxn.java:1289)
[2024-06-12 14:43:03,236] INFO Opening socket connection to server localhost/127.0.0.1:2181. (org.apache.zookeeper.ClientCnxn)
[2024-06-12 14:43:03,238] WARN Session 0x0 for server localhost/127.0.0.1:2181, Closing socket connection. Attempting reconnect except it is a SessionExpiredException. (org.apache.zookeeper.ClientCnxn)
java.net.ConnectException: Connection refused: no further information
	at java.base/sun.nio.ch.Net.pollConnect(Native Method)
	at java.base/sun.nio.ch.Net.pollConnectNow(Net.java:672)
	at java.base/sun.nio.ch.SocketChannelImpl.finishConnect(SocketChannelImpl.java:946)
	at org.apache.zookeeper.ClientCnxnSocketNIO.doTransport(ClientCnxnSocketNIO.java:344)
	at org.apache.zookeeper.ClientCnxn$SendThread.run(ClientCnxn.java:1289)
[2024-06-12 14:43:04,348] INFO Opening socket connection to server localhost/[0:0:0:0:0:0:0:1]:2181. (org.apache.zookeeper.ClientCnxn)
[2024-06-12 14:43:04,350] WARN Session 0x0 for server localhost/[0:0:0:0:0:0:0:1]:2181, Closing socket connection. Attempting reconnect except it is a SessionExpiredException. (org.apache.zookeeper.ClientCnxn)
java.net.ConnectException: Connection refused: no further information
	at java.base/sun.nio.ch.Net.pollConnect(Native Method)
	at java.base/sun.nio.ch.Net.pollConnectNow(Net.java:672)
	at java.base/sun.nio.ch.SocketChannelImpl.finishConnect(SocketChannelImpl.java:946)
	at org.apache.zookeeper.ClientCnxnSocketNIO.doTransport(ClientCnxnSocketNIO.java:344)
	at org.apache.zookeeper.ClientCnxn$SendThread.run(ClientCnxn.java:1289)
[2024-06-12 14:43:05,463] INFO Opening socket connection to server localhost/127.0.0.1:2181. (org.apache.zookeeper.ClientCnxn)
[2024-06-12 14:43:05,463] WARN Session 0x0 for server localhost/127.0.0.1:2181, Closing socket connection. Attempting reconnect except it is a SessionExpiredException. (org.apache.zookeeper.ClientCnxn)
java.net.ConnectException: Connection refused: no further information
	at java.base/sun.nio.ch.Net.pollConnect(Native Method)
	at java.base/sun.nio.ch.Net.pollConnectNow(Net.java:672)
	at java.base/sun.nio.ch.SocketChannelImpl.finishConnect(SocketChannelImpl.java:946)
	at org.apache.zookeeper.ClientCnxnSocketNIO.doTransport(ClientCnxnSocketNIO.java:344)
	at org.apache.zookeeper.ClientCnxn$SendThread.run(ClientCnxn.java:1289)
[2024-06-12 14:43:06,581] INFO Opening socket connection to server localhost/[0:0:0:0:0:0:0:1]:2181. (org.apache.zookeeper.ClientCnxn)
[2024-06-12 14:43:06,582] WARN Session 0x0 for server localhost/[0:0:0:0:0:0:0:1]:2181, Closing socket connection. Attempting reconnect except it is a SessionExpiredException. (org.apache.zookeeper.ClientCnxn)
java.net.ConnectException: Connection refused: no further information
	at java.base/sun.nio.ch.Net.pollConnect(Native Method)
	at java.base/sun.nio.ch.Net.pollConnectNow(Net.java:672)
	at java.base/sun.nio.ch.SocketChannelImpl.finishConnect(SocketChannelImpl.java:946)
	at org.apache.zookeeper.ClientCnxnSocketNIO.doTransport(ClientCnxnSocketNIO.java:344)
	at org.apache.zookeeper.ClientCnxn$SendThread.run(ClientCnxn.java:1289)
[2024-06-12 14:43:07,702] INFO Opening socket connection to server localhost/[0:0:0:0:0:0:0:1]:2181. (org.apache.zookeeper.ClientCnxn)
[2024-06-12 14:43:07,703] WARN Session 0x0 for server localhost/[0:0:0:0:0:0:0:1]:2181, Closing socket connection. Attempting reconnect except it is a SessionExpiredException. (org.apache.zookeeper.ClientCnxn)
java.net.ConnectException: Connection refused: no further information
	at java.base/sun.nio.ch.Net.pollConnect(Native Method)
	at java.base/sun.nio.ch.Net.pollConnectNow(Net.java:672)
	at java.base/sun.nio.ch.SocketChannelImpl.finishConnect(SocketChannelImpl.java:946)
	at org.apache.zookeeper.ClientCnxnSocketNIO.doTransport(ClientCnxnSocketNIO.java:344)
	at org.apache.zookeeper.ClientCnxn$SendThread.run(ClientCnxn.java:1289)
[2024-06-12 14:43:07,841] INFO [ZooKeeperClient Kafka server] Closing. (kafka.zookeeper.ZooKeeperClient)
[2024-06-12 14:43:08,815] INFO Opening socket connection to server localhost/[0:0:0:0:0:0:0:1]:2181. (org.apache.zookeeper.ClientCnxn)
[2024-06-12 14:43:08,928] INFO Session: 0x0 closed (org.apache.zookeeper.ZooKeeper)
[2024-06-12 14:43:08,928] INFO EventThread shut down for session: 0x0 (org.apache.zookeeper.ClientCnxn)
[2024-06-12 14:43:08,931] INFO [ZooKeeperClient Kafka server] Closed. (kafka.zookeeper.ZooKeeperClient)
[2024-06-12 14:43:08,932] ERROR Fatal error during KafkaServer startup. Prepare to shutdown (kafka.server.KafkaServer)
kafka.zookeeper.ZooKeeperClientTimeoutException: Timed out waiting for connection while in state: CONNECTING
	at kafka.zookeeper.ZooKeeperClient.$anonfun$waitUntilConnected$3(ZooKeeperClient.scala:258)
	at kafka.zookeeper.ZooKeeperClient.waitUntilConnected(ZooKeeperClient.scala:254)
	at kafka.zookeeper.ZooKeeperClient.<init>(ZooKeeperClient.scala:116)
	at kafka.zk.KafkaZkClient$.apply(KafkaZkClient.scala:2266)
	at kafka.zk.KafkaZkClient$.createZkClient(KafkaZkClient.scala:2358)
	at kafka.server.KafkaServer.initZkClient(KafkaServer.scala:717)
	at kafka.server.KafkaServer.startup(KafkaServer.scala:226)
	at kafka.Kafka$.main(Kafka.scala:112)
	at kafka.Kafka.main(Kafka.scala)
[2024-06-12 14:43:08,933] INFO shutting down (kafka.server.KafkaServer)
[2024-06-12 14:43:08,939] INFO App info kafka.server for 0 unregistered (org.apache.kafka.common.utils.AppInfoParser)
[2024-06-12 14:43:08,940] INFO shut down completed (kafka.server.KafkaServer)
[2024-06-12 14:43:08,940] ERROR Exiting Kafka due to fatal exception during startup. (kafka.Kafka$)
kafka.zookeeper.ZooKeeperClientTimeoutException: Timed out waiting for connection while in state: CONNECTING
	at kafka.zookeeper.ZooKeeperClient.$anonfun$waitUntilConnected$3(ZooKeeperClient.scala:258)
	at kafka.zookeeper.ZooKeeperClient.waitUntilConnected(ZooKeeperClient.scala:254)
	at kafka.zookeeper.ZooKeeperClient.<init>(ZooKeeperClient.scala:116)
	at kafka.zk.KafkaZkClient$.apply(KafkaZkClient.scala:2266)
	at kafka.zk.KafkaZkClient$.createZkClient(KafkaZkClient.scala:2358)
	at kafka.server.KafkaServer.initZkClient(KafkaServer.scala:717)
	at kafka.server.KafkaServer.startup(KafkaServer.scala:226)
	at kafka.Kafka$.main(Kafka.scala:112)
	at kafka.Kafka.main(Kafka.scala)
[2024-06-12 14:43:08,941] INFO shutting down (kafka.server.KafkaServer)
